Arguments: 
  /home/joshwilson/.nvm/versions/node/v16.14.0/bin/node /home/joshwilson/.nvm/versions/node/v16.14.0/bin/yarn add @types/formidable-serverless

PATH: 
  /home/joshwilson/.vscode-server/bin/97dec172d3256f8ca4bfb2143f3f76b503ca0534/bin/remote-cli:/home/joshwilson/.nvm/versions/node/v16.14.0/bin:/usr/local/sbin:/usr/local/bin:/usr/sbin:/usr/bin:/sbin:/bin:/usr/games:/usr/local/games:/usr/lib/wsl/lib:/mnt/c/Python311/Scripts/:/mnt/c/Python311/:/mnt/c/WINDOWS/system32:/mnt/c/WINDOWS:/mnt/c/WINDOWS/System32/Wbem:/mnt/c/WINDOWS/System32/WindowsPowerShell/v1.0/:/mnt/c/WINDOWS/System32/OpenSSH/:/mnt/c/Program Files/dotnet/:/mnt/c/Program Files/Microsoft SQL Server/130/Tools/Binn/:/mnt/c/Program Files/Microsoft SQL Server/Client SDK/ODBC/170/Tools/Binn/:/mnt/c/Program Files/Git/cmd:/mnt/c/ProgramData/chocolatey/bin:/mnt/c/Users/geekn/AppData/Roaming/nvm:/mnt/c/Program Files/nodejs:/mnt/c/Program Files (x86)/Microsoft SQL Server/150/DTS/Binn/:/mnt/c/Program Files/Azure Data Studio/bin:/mnt/c/Users/geekn/AppData/Local/Microsoft/WindowsApps:/mnt/c/Users/geekn/AppData/Local/Programs/Microsoft VS Code/bin:/mnt/c/Users/geekn/AppData/Local/GitHubDesktop/bin:/mnt/c/Users/geekn/.dotnet/tools:/mnt/c/Users/geekn/AppData/Roaming/nvm:/mnt/c/Program Files/nodejs:/snap/bin

Yarn version: 
  1.22.18

Node version: 
  16.14.0

Platform: 
  linux x64

Trace: 
  Error: https://registry.yarnpkg.com/@types%2fformidable-serverless: Not found
      at Request.params.callback [as _callback] (/home/joshwilson/.nvm/versions/node/v16.14.0/lib/node_modules/yarn/lib/cli.js:66138:18)
      at Request.self.callback (/home/joshwilson/.nvm/versions/node/v16.14.0/lib/node_modules/yarn/lib/cli.js:140883:22)
      at Request.emit (node:events:520:28)
      at Request.<anonymous> (/home/joshwilson/.nvm/versions/node/v16.14.0/lib/node_modules/yarn/lib/cli.js:141855:10)
      at Request.emit (node:events:520:28)
      at IncomingMessage.<anonymous> (/home/joshwilson/.nvm/versions/node/v16.14.0/lib/node_modules/yarn/lib/cli.js:141777:12)
      at Object.onceWrapper (node:events:639:28)
      at IncomingMessage.emit (node:events:532:35)
      at endReadableNT (node:internal/streams/readable:1346:12)
      at processTicksAndRejections (node:internal/process/task_queues:83:21)

npm manifest: 
  {
    "dependencies": {
      "formidable-serverless": "^1.1.1"
    }
  }

yarn manifest: 
  No manifest

Lockfile: 
  # THIS IS AN AUTOGENERATED FILE. DO NOT EDIT THIS FILE DIRECTLY.
  # yarn lockfile v1
  
  
  formidable-serverless@^1.1.1:
    version "1.1.1"
    resolved "https://registry.yarnpkg.com/formidable-serverless/-/formidable-serverless-1.1.1.tgz#2b668d6e92d5222794a48ed485bcf7cd47efebfb"
    integrity sha512-IUVI2m7d46YnWRZ9RG+wvmLoX0tTrk9P6oFc53QVjM9k0XhqzeyjwDi05PLvpGNKbyLvB3gfsAc+Lk6efM3FGQ==
    dependencies:
      formidable "^1.2.2"
  
  formidable@^1.2.2:
    version "1.2.6"
    resolved "https://registry.yarnpkg.com/formidable/-/formidable-1.2.6.tgz#d2a51d60162bbc9b4a055d8457a7c75315d1a168"
    integrity sha512-KcpbcpuLNOwrEjnbpMC0gS+X8ciDoZE1kkqzat4a8vrprf+s9pKNQ/QIwWfbfs4ltgmFl3MD177SNTkve3BwGQ==
